<?xml version="1.0" encoding="UTF-8"?>
<!-- Generated by org.testng.reporters.JUnitReportReporter -->
<testsuite skipped="0" hostname="DESKTOP-EOQP8I0" name="org.test.sample.Sample" tests="1" failures="0" timestamp="01 Mar 2022 06:47:10 GMT" time="0.016" errors="0">
  <testcase name="test" time="0.016" classname="org.test.sample.Sample"/>
</testsuite> <!-- org.test.sample.Sample -->
